{"C:\\Users\\MMXCh\\Desktop\\BYUI\\CSE341\\MTG-database\\middleware\\auth.js": {"path":"C:\\Users\\MMXCh\\Desktop\\BYUI\\CSE341\\MTG-database\\middleware\\auth.js","statementMap":{"0":{"start":{"line":1,"column":0},"end":{"line":16,"column":3}},"1":{"start":{"line":3,"column":6},"end":{"line":7,"column":7}},"2":{"start":{"line":4,"column":8},"end":{"line":4,"column":21}},"3":{"start":{"line":6,"column":8},"end":{"line":6,"column":25}},"4":{"start":{"line":10,"column":6},"end":{"line":14,"column":7}},"5":{"start":{"line":11,"column":8},"end":{"line":11,"column":22}},"6":{"start":{"line":13,"column":8},"end":{"line":13,"column":34}}},"fnMap":{"0":{"name":"(anonymous_0)","decl":{"start":{"line":2,"column":16},"end":{"line":2,"column":17}},"loc":{"start":{"line":2,"column":42},"end":{"line":8,"column":5}},"line":2},"1":{"name":"(anonymous_1)","decl":{"start":{"line":9,"column":17},"end":{"line":9,"column":18}},"loc":{"start":{"line":9,"column":43},"end":{"line":15,"column":5}},"line":9}},"branchMap":{"0":{"loc":{"start":{"line":3,"column":6},"end":{"line":7,"column":7}},"type":"if","locations":[{"start":{"line":3,"column":6},"end":{"line":7,"column":7}},{"start":{"line":5,"column":13},"end":{"line":7,"column":7}}],"line":3},"1":{"loc":{"start":{"line":10,"column":6},"end":{"line":14,"column":7}},"type":"if","locations":[{"start":{"line":10,"column":6},"end":{"line":14,"column":7}},{"start":{"line":12,"column":13},"end":{"line":14,"column":7}}],"line":10}},"s":{"0":6,"1":0,"2":0,"3":0,"4":0,"5":0,"6":0},"f":{"0":0,"1":0},"b":{"0":[0,0],"1":[0,0]},"_coverageSchema":"1a1c01bbd47fc00a2c39e90264f33305004495a9","hash":"ec04ee6a5220be160cf4f84e602b820973f35060"}
,"C:\\Users\\MMXCh\\Desktop\\BYUI\\CSE341\\MTG-database\\models\\abilities.js": {"path":"C:\\Users\\MMXCh\\Desktop\\BYUI\\CSE341\\MTG-database\\models\\abilities.js","statementMap":{"0":{"start":{"line":2,"column":17},"end":{"line":2,"column":36}},"1":{"start":{"line":4,"column":24},"end":{"line":17,"column":2}},"2":{"start":{"line":19,"column":0},"end":{"line":19,"column":61}}},"fnMap":{},"branchMap":{},"s":{"0":6,"1":6,"2":6},"f":{},"b":{},"_coverageSchema":"1a1c01bbd47fc00a2c39e90264f33305004495a9","hash":"7273b817a1f824832c9ff70c11707c0d82611b99"}
,"C:\\Users\\MMXCh\\Desktop\\BYUI\\CSE341\\MTG-database\\models\\cards.js": {"path":"C:\\Users\\MMXCh\\Desktop\\BYUI\\CSE341\\MTG-database\\models\\cards.js","statementMap":{"0":{"start":{"line":2,"column":17},"end":{"line":2,"column":36}},"1":{"start":{"line":4,"column":20},"end":{"line":39,"column":2}},"2":{"start":{"line":41,"column":0},"end":{"line":41,"column":53}}},"fnMap":{},"branchMap":{},"s":{"0":6,"1":6,"2":6},"f":{},"b":{},"_coverageSchema":"1a1c01bbd47fc00a2c39e90264f33305004495a9","hash":"a2aae7bfb5238969949f1aae89c363d5ed6bc7de"}
,"C:\\Users\\MMXCh\\Desktop\\BYUI\\CSE341\\MTG-database\\models\\creatures.js": {"path":"C:\\Users\\MMXCh\\Desktop\\BYUI\\CSE341\\MTG-database\\models\\creatures.js","statementMap":{"0":{"start":{"line":2,"column":17},"end":{"line":2,"column":36}},"1":{"start":{"line":4,"column":24},"end":{"line":13,"column":2}},"2":{"start":{"line":15,"column":0},"end":{"line":15,"column":61}}},"fnMap":{},"branchMap":{},"s":{"0":6,"1":6,"2":6},"f":{},"b":{},"_coverageSchema":"1a1c01bbd47fc00a2c39e90264f33305004495a9","hash":"52f5f1a3f63d141548dbdd96990e2e9db777226a"}
,"C:\\Users\\MMXCh\\Desktop\\BYUI\\CSE341\\MTG-database\\models\\decks.js": {"path":"C:\\Users\\MMXCh\\Desktop\\BYUI\\CSE341\\MTG-database\\models\\decks.js","statementMap":{"0":{"start":{"line":2,"column":17},"end":{"line":2,"column":36}},"1":{"start":{"line":4,"column":26},"end":{"line":4,"column":65}},"2":{"start":{"line":6,"column":20},"end":{"line":15,"column":2}},"3":{"start":{"line":17,"column":0},"end":{"line":17,"column":53}}},"fnMap":{},"branchMap":{},"s":{"0":6,"1":6,"2":6,"3":6},"f":{},"b":{},"_coverageSchema":"1a1c01bbd47fc00a2c39e90264f33305004495a9","hash":"0da9b528bf994841e84c8d614bc08198cc643dd0"}
,"C:\\Users\\MMXCh\\Desktop\\BYUI\\CSE341\\MTG-database\\models\\types.js": {"path":"C:\\Users\\MMXCh\\Desktop\\BYUI\\CSE341\\MTG-database\\models\\types.js","statementMap":{"0":{"start":{"line":2,"column":17},"end":{"line":2,"column":36}},"1":{"start":{"line":4,"column":20},"end":{"line":13,"column":2}},"2":{"start":{"line":15,"column":0},"end":{"line":15,"column":53}}},"fnMap":{},"branchMap":{},"s":{"0":6,"1":6,"2":6},"f":{},"b":{},"_coverageSchema":"1a1c01bbd47fc00a2c39e90264f33305004495a9","hash":"294c2796d2e9e79884b60eeaae26d4aacc4c83b1"}
,"C:\\Users\\MMXCh\\Desktop\\BYUI\\CSE341\\MTG-database\\routes\\abilities.js": {"path":"C:\\Users\\MMXCh\\Desktop\\BYUI\\CSE341\\MTG-database\\routes\\abilities.js","statementMap":{"0":{"start":{"line":1,"column":16},"end":{"line":1,"column":34}},"1":{"start":{"line":2,"column":15},"end":{"line":2,"column":31}},"2":{"start":{"line":3,"column":17},"end":{"line":3,"column":36}},"3":{"start":{"line":5,"column":19},"end":{"line":5,"column":41}},"4":{"start":{"line":6,"column":0},"end":{"line":6,"column":55}},"5":{"start":{"line":7,"column":0},"end":{"line":7,"column":30}},"6":{"start":{"line":9,"column":18},"end":{"line":9,"column":48}},"7":{"start":{"line":14,"column":0},"end":{"line":25,"column":3}},"8":{"start":{"line":15,"column":4},"end":{"line":24,"column":7}},"9":{"start":{"line":17,"column":6},"end":{"line":17,"column":33}},"10":{"start":{"line":18,"column":6},"end":{"line":18,"column":34}},"11":{"start":{"line":21,"column":6},"end":{"line":23,"column":9}},"12":{"start":{"line":28,"column":0},"end":{"line":48,"column":3}},"13":{"start":{"line":29,"column":22},"end":{"line":29,"column":44}},"14":{"start":{"line":31,"column":2},"end":{"line":47,"column":7}},"15":{"start":{"line":33,"column":6},"end":{"line":46,"column":7}},"16":{"start":{"line":34,"column":8},"end":{"line":34,"column":63}},"17":{"start":{"line":36,"column":8},"end":{"line":45,"column":11}},"18":{"start":{"line":38,"column":10},"end":{"line":38,"column":37}},"19":{"start":{"line":39,"column":10},"end":{"line":39,"column":60}},"20":{"start":{"line":42,"column":10},"end":{"line":44,"column":13}},"21":{"start":{"line":51,"column":0},"end":{"line":76,"column":3}},"22":{"start":{"line":52,"column":2},"end":{"line":75,"column":3}},"23":{"start":{"line":57,"column":4},"end":{"line":61,"column":8}},"24":{"start":{"line":64,"column":18},"end":{"line":64,"column":41}},"25":{"start":{"line":65,"column":4},"end":{"line":74,"column":7}},"26":{"start":{"line":67,"column":6},"end":{"line":67,"column":24}},"27":{"start":{"line":68,"column":6},"end":{"line":68,"column":33}},"28":{"start":{"line":71,"column":6},"end":{"line":73,"column":9}},"29":{"start":{"line":79,"column":0},"end":{"line":115,"column":2}},"30":{"start":{"line":80,"column":22},"end":{"line":80,"column":44}},"31":{"start":{"line":82,"column":2},"end":{"line":114,"column":3}},"32":{"start":{"line":87,"column":4},"end":{"line":91,"column":8}},"33":{"start":{"line":94,"column":2},"end":{"line":113,"column":6}},"34":{"start":{"line":96,"column":6},"end":{"line":112,"column":7}},"35":{"start":{"line":97,"column":8},"end":{"line":97,"column":63}},"36":{"start":{"line":99,"column":8},"end":{"line":111,"column":10}},"37":{"start":{"line":101,"column":10},"end":{"line":101,"column":49}},"38":{"start":{"line":102,"column":10},"end":{"line":102,"column":53}},"39":{"start":{"line":103,"column":10},"end":{"line":103,"column":67}},"40":{"start":{"line":104,"column":10},"end":{"line":110,"column":12}},"41":{"start":{"line":105,"column":12},"end":{"line":109,"column":13}},"42":{"start":{"line":106,"column":14},"end":{"line":106,"column":93}},"43":{"start":{"line":108,"column":14},"end":{"line":108,"column":37}},"44":{"start":{"line":118,"column":0},"end":{"line":136,"column":3}},"45":{"start":{"line":119,"column":22},"end":{"line":119,"column":44}},"46":{"start":{"line":121,"column":2},"end":{"line":135,"column":7}},"47":{"start":{"line":123,"column":6},"end":{"line":134,"column":7}},"48":{"start":{"line":124,"column":8},"end":{"line":124,"column":63}},"49":{"start":{"line":126,"column":8},"end":{"line":133,"column":50}},"50":{"start":{"line":127,"column":10},"end":{"line":131,"column":11}},"51":{"start":{"line":128,"column":12},"end":{"line":128,"column":91}},"52":{"start":{"line":130,"column":12},"end":{"line":130,"column":41}},"53":{"start":{"line":133,"column":28},"end":{"line":133,"column":48}},"54":{"start":{"line":138,"column":0},"end":{"line":138,"column":24}}},"fnMap":{"0":{"name":"(anonymous_0)","decl":{"start":{"line":14,"column":16},"end":{"line":14,"column":17}},"loc":{"start":{"line":14,"column":30},"end":{"line":25,"column":1}},"line":14},"1":{"name":"(anonymous_1)","decl":{"start":{"line":16,"column":10},"end":{"line":16,"column":11}},"loc":{"start":{"line":16,"column":20},"end":{"line":19,"column":5}},"line":16},"2":{"name":"(anonymous_2)","decl":{"start":{"line":20,"column":11},"end":{"line":20,"column":12}},"loc":{"start":{"line":20,"column":20},"end":{"line":24,"column":5}},"line":20},"3":{"name":"(anonymous_3)","decl":{"start":{"line":28,"column":28},"end":{"line":28,"column":29}},"loc":{"start":{"line":28,"column":42},"end":{"line":48,"column":1}},"line":28},"4":{"name":"(anonymous_4)","decl":{"start":{"line":32,"column":10},"end":{"line":32,"column":11}},"loc":{"start":{"line":32,"column":25},"end":{"line":47,"column":5}},"line":32},"5":{"name":"(anonymous_5)","decl":{"start":{"line":37,"column":14},"end":{"line":37,"column":15}},"loc":{"start":{"line":37,"column":24},"end":{"line":40,"column":9}},"line":37},"6":{"name":"(anonymous_6)","decl":{"start":{"line":41,"column":15},"end":{"line":41,"column":16}},"loc":{"start":{"line":41,"column":24},"end":{"line":45,"column":9}},"line":41},"7":{"name":"(anonymous_7)","decl":{"start":{"line":51,"column":17},"end":{"line":51,"column":18}},"loc":{"start":{"line":51,"column":31},"end":{"line":76,"column":1}},"line":51},"8":{"name":"(anonymous_8)","decl":{"start":{"line":66,"column":10},"end":{"line":66,"column":11}},"loc":{"start":{"line":66,"column":20},"end":{"line":69,"column":5}},"line":66},"9":{"name":"(anonymous_9)","decl":{"start":{"line":70,"column":11},"end":{"line":70,"column":12}},"loc":{"start":{"line":70,"column":20},"end":{"line":74,"column":5}},"line":70},"10":{"name":"(anonymous_10)","decl":{"start":{"line":79,"column":28},"end":{"line":79,"column":29}},"loc":{"start":{"line":79,"column":42},"end":{"line":115,"column":1}},"line":79},"11":{"name":"(anonymous_11)","decl":{"start":{"line":95,"column":10},"end":{"line":95,"column":11}},"loc":{"start":{"line":95,"column":25},"end":{"line":113,"column":5}},"line":95},"12":{"name":"(anonymous_12)","decl":{"start":{"line":99,"column":56},"end":{"line":99,"column":57}},"loc":{"start":{"line":99,"column":74},"end":{"line":111,"column":9}},"line":99},"13":{"name":"(anonymous_13)","decl":{"start":{"line":104,"column":23},"end":{"line":104,"column":24}},"loc":{"start":{"line":104,"column":38},"end":{"line":110,"column":11}},"line":104},"14":{"name":"(anonymous_14)","decl":{"start":{"line":118,"column":31},"end":{"line":118,"column":32}},"loc":{"start":{"line":118,"column":45},"end":{"line":136,"column":1}},"line":118},"15":{"name":"(anonymous_15)","decl":{"start":{"line":122,"column":10},"end":{"line":122,"column":11}},"loc":{"start":{"line":122,"column":25},"end":{"line":135,"column":5}},"line":122},"16":{"name":"(anonymous_16)","decl":{"start":{"line":126,"column":58},"end":{"line":126,"column":59}},"loc":{"start":{"line":126,"column":81},"end":{"line":132,"column":9}},"line":126},"17":{"name":"(anonymous_17)","decl":{"start":{"line":133,"column":17},"end":{"line":133,"column":18}},"loc":{"start":{"line":133,"column":28},"end":{"line":133,"column":48}},"line":133}},"branchMap":{"0":{"loc":{"start":{"line":22,"column":17},"end":{"line":22,"column":79}},"type":"binary-expr","locations":[{"start":{"line":22,"column":17},"end":{"line":22,"column":28}},{"start":{"line":22,"column":32},"end":{"line":22,"column":79}}],"line":22},"1":{"loc":{"start":{"line":33,"column":6},"end":{"line":46,"column":7}},"type":"if","locations":[{"start":{"line":33,"column":6},"end":{"line":46,"column":7}},{"start":{"line":35,"column":13},"end":{"line":46,"column":7}}],"line":33},"2":{"loc":{"start":{"line":43,"column":21},"end":{"line":43,"column":83}},"type":"binary-expr","locations":[{"start":{"line":43,"column":21},"end":{"line":43,"column":32}},{"start":{"line":43,"column":36},"end":{"line":43,"column":83}}],"line":43},"3":{"loc":{"start":{"line":52,"column":2},"end":{"line":75,"column":3}},"type":"if","locations":[{"start":{"line":52,"column":2},"end":{"line":75,"column":3}},{"start":{"line":62,"column":7},"end":{"line":75,"column":3}}],"line":52},"4":{"loc":{"start":{"line":53,"column":4},"end":{"line":55,"column":32}},"type":"binary-expr","locations":[{"start":{"line":53,"column":4},"end":{"line":53,"column":23}},{"start":{"line":54,"column":4},"end":{"line":54,"column":25}},{"start":{"line":55,"column":4},"end":{"line":55,"column":32}}],"line":53},"5":{"loc":{"start":{"line":72,"column":17},"end":{"line":72,"column":81}},"type":"binary-expr","locations":[{"start":{"line":72,"column":17},"end":{"line":72,"column":28}},{"start":{"line":72,"column":32},"end":{"line":72,"column":81}}],"line":72},"6":{"loc":{"start":{"line":82,"column":2},"end":{"line":114,"column":3}},"type":"if","locations":[{"start":{"line":82,"column":2},"end":{"line":114,"column":3}},{"start":{"line":92,"column":7},"end":{"line":114,"column":3}}],"line":82},"7":{"loc":{"start":{"line":83,"column":4},"end":{"line":85,"column":32}},"type":"binary-expr","locations":[{"start":{"line":83,"column":4},"end":{"line":83,"column":23}},{"start":{"line":84,"column":4},"end":{"line":84,"column":25}},{"start":{"line":85,"column":4},"end":{"line":85,"column":32}}],"line":83},"8":{"loc":{"start":{"line":96,"column":6},"end":{"line":112,"column":7}},"type":"if","locations":[{"start":{"line":96,"column":6},"end":{"line":112,"column":7}},{"start":{"line":98,"column":13},"end":{"line":112,"column":7}}],"line":96},"9":{"loc":{"start":{"line":105,"column":12},"end":{"line":109,"column":13}},"type":"if","locations":[{"start":{"line":105,"column":12},"end":{"line":109,"column":13}},{"start":{"line":107,"column":19},"end":{"line":109,"column":13}}],"line":105},"10":{"loc":{"start":{"line":106,"column":35},"end":{"line":106,"column":91}},"type":"binary-expr","locations":[{"start":{"line":106,"column":35},"end":{"line":106,"column":38}},{"start":{"line":106,"column":42},"end":{"line":106,"column":91}}],"line":106},"11":{"loc":{"start":{"line":123,"column":6},"end":{"line":134,"column":7}},"type":"if","locations":[{"start":{"line":123,"column":6},"end":{"line":134,"column":7}},{"start":{"line":125,"column":13},"end":{"line":134,"column":7}}],"line":123},"12":{"loc":{"start":{"line":127,"column":10},"end":{"line":131,"column":11}},"type":"if","locations":[{"start":{"line":127,"column":10},"end":{"line":131,"column":11}},{"start":{"line":129,"column":17},"end":{"line":131,"column":11}}],"line":127},"13":{"loc":{"start":{"line":128,"column":33},"end":{"line":128,"column":89}},"type":"binary-expr","locations":[{"start":{"line":128,"column":33},"end":{"line":128,"column":36}},{"start":{"line":128,"column":40},"end":{"line":128,"column":89}}],"line":128}},"s":{"0":6,"1":6,"2":6,"3":6,"4":6,"5":6,"6":6,"7":6,"8":1,"9":1,"10":1,"11":0,"12":6,"13":4,"14":4,"15":4,"16":3,"17":1,"18":1,"19":1,"20":0,"21":6,"22":6,"23":1,"24":5,"25":5,"26":5,"27":5,"28":0,"29":6,"30":2,"31":2,"32":0,"33":2,"34":2,"35":1,"36":1,"37":1,"38":1,"39":1,"40":1,"41":1,"42":0,"43":1,"44":6,"45":2,"46":2,"47":2,"48":1,"49":1,"50":1,"51":0,"52":1,"53":0,"54":6},"f":{"0":1,"1":1,"2":0,"3":4,"4":4,"5":1,"6":0,"7":6,"8":5,"9":0,"10":2,"11":2,"12":1,"13":1,"14":2,"15":2,"16":1,"17":0},"b":{"0":[0,0],"1":[3,1],"2":[0,0],"3":[1,5],"4":[6,6,6],"5":[0,0],"6":[0,2],"7":[2,2,2],"8":[1,1],"9":[0,1],"10":[0,0],"11":[1,1],"12":[0,1],"13":[0,0]},"_coverageSchema":"1a1c01bbd47fc00a2c39e90264f33305004495a9","hash":"c5c4c5fbfb5cd9000bb16aacb1ea80e0a4b7978c"}
,"C:\\Users\\MMXCh\\Desktop\\BYUI\\CSE341\\MTG-database\\routes\\cards.js": {"path":"C:\\Users\\MMXCh\\Desktop\\BYUI\\CSE341\\MTG-database\\routes\\cards.js","statementMap":{"0":{"start":{"line":1,"column":16},"end":{"line":1,"column":34}},"1":{"start":{"line":2,"column":15},"end":{"line":2,"column":31}},"2":{"start":{"line":3,"column":17},"end":{"line":3,"column":36}},"3":{"start":{"line":5,"column":19},"end":{"line":5,"column":41}},"4":{"start":{"line":6,"column":0},"end":{"line":6,"column":55}},"5":{"start":{"line":7,"column":0},"end":{"line":7,"column":30}},"6":{"start":{"line":9,"column":14},"end":{"line":9,"column":40}},"7":{"start":{"line":14,"column":0},"end":{"line":25,"column":3}},"8":{"start":{"line":15,"column":4},"end":{"line":24,"column":7}},"9":{"start":{"line":17,"column":6},"end":{"line":17,"column":33}},"10":{"start":{"line":18,"column":6},"end":{"line":18,"column":34}},"11":{"start":{"line":21,"column":6},"end":{"line":23,"column":9}},"12":{"start":{"line":28,"column":0},"end":{"line":48,"column":3}},"13":{"start":{"line":29,"column":19},"end":{"line":29,"column":38}},"14":{"start":{"line":31,"column":2},"end":{"line":47,"column":7}},"15":{"start":{"line":33,"column":6},"end":{"line":46,"column":7}},"16":{"start":{"line":34,"column":8},"end":{"line":34,"column":55}},"17":{"start":{"line":36,"column":8},"end":{"line":45,"column":11}},"18":{"start":{"line":38,"column":10},"end":{"line":38,"column":37}},"19":{"start":{"line":39,"column":10},"end":{"line":39,"column":57}},"20":{"start":{"line":42,"column":10},"end":{"line":44,"column":13}},"21":{"start":{"line":51,"column":0},"end":{"line":83,"column":3}},"22":{"start":{"line":52,"column":2},"end":{"line":82,"column":3}},"23":{"start":{"line":64,"column":4},"end":{"line":68,"column":8}},"24":{"start":{"line":71,"column":15},"end":{"line":71,"column":34}},"25":{"start":{"line":72,"column":4},"end":{"line":81,"column":7}},"26":{"start":{"line":74,"column":6},"end":{"line":74,"column":24}},"27":{"start":{"line":75,"column":6},"end":{"line":75,"column":33}},"28":{"start":{"line":78,"column":6},"end":{"line":80,"column":9}},"29":{"start":{"line":86,"column":0},"end":{"line":135,"column":2}},"30":{"start":{"line":87,"column":19},"end":{"line":87,"column":38}},"31":{"start":{"line":89,"column":2},"end":{"line":134,"column":3}},"32":{"start":{"line":101,"column":4},"end":{"line":105,"column":8}},"33":{"start":{"line":108,"column":2},"end":{"line":133,"column":6}},"34":{"start":{"line":110,"column":6},"end":{"line":132,"column":7}},"35":{"start":{"line":111,"column":8},"end":{"line":111,"column":55}},"36":{"start":{"line":113,"column":8},"end":{"line":131,"column":10}},"37":{"start":{"line":114,"column":10},"end":{"line":114,"column":44}},"38":{"start":{"line":115,"column":10},"end":{"line":115,"column":44}},"39":{"start":{"line":116,"column":10},"end":{"line":116,"column":38}},"40":{"start":{"line":117,"column":10},"end":{"line":117,"column":40}},"41":{"start":{"line":118,"column":10},"end":{"line":118,"column":40}},"42":{"start":{"line":119,"column":10},"end":{"line":119,"column":48}},"43":{"start":{"line":120,"column":10},"end":{"line":120,"column":46}},"44":{"start":{"line":121,"column":10},"end":{"line":121,"column":50}},"45":{"start":{"line":122,"column":10},"end":{"line":122,"column":38}},"46":{"start":{"line":123,"column":10},"end":{"line":123,"column":46}},"47":{"start":{"line":124,"column":10},"end":{"line":130,"column":12}},"48":{"start":{"line":125,"column":12},"end":{"line":129,"column":13}},"49":{"start":{"line":126,"column":14},"end":{"line":126,"column":90}},"50":{"start":{"line":128,"column":14},"end":{"line":128,"column":37}},"51":{"start":{"line":138,"column":0},"end":{"line":157,"column":3}},"52":{"start":{"line":139,"column":19},"end":{"line":139,"column":38}},"53":{"start":{"line":141,"column":2},"end":{"line":156,"column":7}},"54":{"start":{"line":143,"column":6},"end":{"line":155,"column":7}},"55":{"start":{"line":144,"column":8},"end":{"line":144,"column":60}},"56":{"start":{"line":146,"column":8},"end":{"line":154,"column":50}},"57":{"start":{"line":147,"column":10},"end":{"line":151,"column":11}},"58":{"start":{"line":148,"column":12},"end":{"line":148,"column":88}},"59":{"start":{"line":150,"column":12},"end":{"line":150,"column":41}},"60":{"start":{"line":154,"column":28},"end":{"line":154,"column":48}},"61":{"start":{"line":159,"column":0},"end":{"line":159,"column":24}}},"fnMap":{"0":{"name":"(anonymous_0)","decl":{"start":{"line":14,"column":16},"end":{"line":14,"column":17}},"loc":{"start":{"line":14,"column":30},"end":{"line":25,"column":1}},"line":14},"1":{"name":"(anonymous_1)","decl":{"start":{"line":16,"column":10},"end":{"line":16,"column":11}},"loc":{"start":{"line":16,"column":20},"end":{"line":19,"column":5}},"line":16},"2":{"name":"(anonymous_2)","decl":{"start":{"line":20,"column":11},"end":{"line":20,"column":12}},"loc":{"start":{"line":20,"column":20},"end":{"line":24,"column":5}},"line":20},"3":{"name":"(anonymous_3)","decl":{"start":{"line":28,"column":25},"end":{"line":28,"column":26}},"loc":{"start":{"line":28,"column":39},"end":{"line":48,"column":1}},"line":28},"4":{"name":"(anonymous_4)","decl":{"start":{"line":32,"column":10},"end":{"line":32,"column":11}},"loc":{"start":{"line":32,"column":25},"end":{"line":47,"column":5}},"line":32},"5":{"name":"(anonymous_5)","decl":{"start":{"line":37,"column":14},"end":{"line":37,"column":15}},"loc":{"start":{"line":37,"column":24},"end":{"line":40,"column":9}},"line":37},"6":{"name":"(anonymous_6)","decl":{"start":{"line":41,"column":15},"end":{"line":41,"column":16}},"loc":{"start":{"line":41,"column":24},"end":{"line":45,"column":9}},"line":41},"7":{"name":"(anonymous_7)","decl":{"start":{"line":51,"column":17},"end":{"line":51,"column":18}},"loc":{"start":{"line":51,"column":31},"end":{"line":83,"column":1}},"line":51},"8":{"name":"(anonymous_8)","decl":{"start":{"line":73,"column":10},"end":{"line":73,"column":11}},"loc":{"start":{"line":73,"column":20},"end":{"line":76,"column":5}},"line":73},"9":{"name":"(anonymous_9)","decl":{"start":{"line":77,"column":11},"end":{"line":77,"column":12}},"loc":{"start":{"line":77,"column":20},"end":{"line":81,"column":5}},"line":77},"10":{"name":"(anonymous_10)","decl":{"start":{"line":86,"column":25},"end":{"line":86,"column":26}},"loc":{"start":{"line":86,"column":39},"end":{"line":135,"column":1}},"line":86},"11":{"name":"(anonymous_11)","decl":{"start":{"line":109,"column":10},"end":{"line":109,"column":11}},"loc":{"start":{"line":109,"column":25},"end":{"line":133,"column":5}},"line":109},"12":{"name":"(anonymous_12)","decl":{"start":{"line":113,"column":46},"end":{"line":113,"column":47}},"loc":{"start":{"line":113,"column":61},"end":{"line":131,"column":9}},"line":113},"13":{"name":"(anonymous_13)","decl":{"start":{"line":124,"column":20},"end":{"line":124,"column":21}},"loc":{"start":{"line":124,"column":35},"end":{"line":130,"column":11}},"line":124},"14":{"name":"(anonymous_14)","decl":{"start":{"line":138,"column":28},"end":{"line":138,"column":29}},"loc":{"start":{"line":138,"column":42},"end":{"line":157,"column":1}},"line":138},"15":{"name":"(anonymous_15)","decl":{"start":{"line":142,"column":10},"end":{"line":142,"column":11}},"loc":{"start":{"line":142,"column":25},"end":{"line":156,"column":5}},"line":142},"16":{"name":"(anonymous_16)","decl":{"start":{"line":146,"column":48},"end":{"line":146,"column":49}},"loc":{"start":{"line":146,"column":71},"end":{"line":153,"column":9}},"line":146},"17":{"name":"(anonymous_17)","decl":{"start":{"line":154,"column":17},"end":{"line":154,"column":18}},"loc":{"start":{"line":154,"column":28},"end":{"line":154,"column":48}},"line":154}},"branchMap":{"0":{"loc":{"start":{"line":22,"column":17},"end":{"line":22,"column":76}},"type":"binary-expr","locations":[{"start":{"line":22,"column":17},"end":{"line":22,"column":28}},{"start":{"line":22,"column":32},"end":{"line":22,"column":76}}],"line":22},"1":{"loc":{"start":{"line":33,"column":6},"end":{"line":46,"column":7}},"type":"if","locations":[{"start":{"line":33,"column":6},"end":{"line":46,"column":7}},{"start":{"line":35,"column":13},"end":{"line":46,"column":7}}],"line":33},"2":{"loc":{"start":{"line":43,"column":21},"end":{"line":43,"column":80}},"type":"binary-expr","locations":[{"start":{"line":43,"column":21},"end":{"line":43,"column":32}},{"start":{"line":43,"column":36},"end":{"line":43,"column":80}}],"line":43},"3":{"loc":{"start":{"line":52,"column":2},"end":{"line":82,"column":3}},"type":"if","locations":[{"start":{"line":52,"column":2},"end":{"line":82,"column":3}},{"start":{"line":69,"column":7},"end":{"line":82,"column":3}}],"line":52},"4":{"loc":{"start":{"line":53,"column":4},"end":{"line":62,"column":23}},"type":"binary-expr","locations":[{"start":{"line":53,"column":4},"end":{"line":53,"column":22}},{"start":{"line":54,"column":4},"end":{"line":54,"column":22}},{"start":{"line":55,"column":4},"end":{"line":55,"column":19}},{"start":{"line":56,"column":4},"end":{"line":56,"column":20}},{"start":{"line":57,"column":4},"end":{"line":57,"column":20}},{"start":{"line":58,"column":4},"end":{"line":58,"column":24}},{"start":{"line":59,"column":4},"end":{"line":59,"column":23}},{"start":{"line":60,"column":4},"end":{"line":60,"column":25}},{"start":{"line":61,"column":4},"end":{"line":61,"column":19}},{"start":{"line":62,"column":4},"end":{"line":62,"column":23}}],"line":53},"5":{"loc":{"start":{"line":79,"column":17},"end":{"line":79,"column":69}},"type":"binary-expr","locations":[{"start":{"line":79,"column":17},"end":{"line":79,"column":28}},{"start":{"line":79,"column":32},"end":{"line":79,"column":69}}],"line":79},"6":{"loc":{"start":{"line":89,"column":2},"end":{"line":134,"column":3}},"type":"if","locations":[{"start":{"line":89,"column":2},"end":{"line":134,"column":3}},{"start":{"line":106,"column":7},"end":{"line":134,"column":3}}],"line":89},"7":{"loc":{"start":{"line":90,"column":4},"end":{"line":99,"column":23}},"type":"binary-expr","locations":[{"start":{"line":90,"column":4},"end":{"line":90,"column":22}},{"start":{"line":91,"column":4},"end":{"line":91,"column":22}},{"start":{"line":92,"column":4},"end":{"line":92,"column":19}},{"start":{"line":93,"column":4},"end":{"line":93,"column":20}},{"start":{"line":94,"column":4},"end":{"line":94,"column":20}},{"start":{"line":95,"column":4},"end":{"line":95,"column":24}},{"start":{"line":96,"column":4},"end":{"line":96,"column":23}},{"start":{"line":97,"column":4},"end":{"line":97,"column":25}},{"start":{"line":98,"column":4},"end":{"line":98,"column":19}},{"start":{"line":99,"column":4},"end":{"line":99,"column":23}}],"line":90},"8":{"loc":{"start":{"line":110,"column":6},"end":{"line":132,"column":7}},"type":"if","locations":[{"start":{"line":110,"column":6},"end":{"line":132,"column":7}},{"start":{"line":112,"column":13},"end":{"line":132,"column":7}}],"line":110},"9":{"loc":{"start":{"line":125,"column":12},"end":{"line":129,"column":13}},"type":"if","locations":[{"start":{"line":125,"column":12},"end":{"line":129,"column":13}},{"start":{"line":127,"column":19},"end":{"line":129,"column":13}}],"line":125},"10":{"loc":{"start":{"line":126,"column":35},"end":{"line":126,"column":88}},"type":"binary-expr","locations":[{"start":{"line":126,"column":35},"end":{"line":126,"column":38}},{"start":{"line":126,"column":42},"end":{"line":126,"column":88}}],"line":126},"11":{"loc":{"start":{"line":143,"column":6},"end":{"line":155,"column":7}},"type":"if","locations":[{"start":{"line":143,"column":6},"end":{"line":155,"column":7}},{"start":{"line":145,"column":13},"end":{"line":155,"column":7}}],"line":143},"12":{"loc":{"start":{"line":147,"column":10},"end":{"line":151,"column":11}},"type":"if","locations":[{"start":{"line":147,"column":10},"end":{"line":151,"column":11}},{"start":{"line":149,"column":17},"end":{"line":151,"column":11}}],"line":147},"13":{"loc":{"start":{"line":148,"column":33},"end":{"line":148,"column":86}},"type":"binary-expr","locations":[{"start":{"line":148,"column":33},"end":{"line":148,"column":36}},{"start":{"line":148,"column":40},"end":{"line":148,"column":86}}],"line":148}},"s":{"0":6,"1":6,"2":6,"3":6,"4":6,"5":6,"6":6,"7":6,"8":1,"9":1,"10":1,"11":0,"12":6,"13":3,"14":3,"15":3,"16":2,"17":1,"18":1,"19":1,"20":0,"21":6,"22":7,"23":1,"24":6,"25":6,"26":6,"27":6,"28":0,"29":6,"30":3,"31":3,"32":0,"33":3,"34":3,"35":2,"36":1,"37":1,"38":1,"39":1,"40":1,"41":1,"42":1,"43":1,"44":1,"45":1,"46":1,"47":1,"48":1,"49":0,"50":1,"51":6,"52":2,"53":2,"54":2,"55":1,"56":1,"57":1,"58":0,"59":1,"60":0,"61":6},"f":{"0":1,"1":1,"2":0,"3":3,"4":3,"5":1,"6":0,"7":7,"8":6,"9":0,"10":3,"11":3,"12":1,"13":1,"14":2,"15":2,"16":1,"17":0},"b":{"0":[0,0],"1":[2,1],"2":[0,0],"3":[1,6],"4":[7,7,7,7,6,6,6,6,6,6],"5":[0,0],"6":[0,3],"7":[3,3,3,3,3,3,3,3,3,3],"8":[2,1],"9":[0,1],"10":[0,0],"11":[1,1],"12":[0,1],"13":[0,0]},"_coverageSchema":"1a1c01bbd47fc00a2c39e90264f33305004495a9","hash":"f52fbbdbf2b22d8d311255ba4b32a4644cf3baee"}
,"C:\\Users\\MMXCh\\Desktop\\BYUI\\CSE341\\MTG-database\\routes\\creatures.js": {"path":"C:\\Users\\MMXCh\\Desktop\\BYUI\\CSE341\\MTG-database\\routes\\creatures.js","statementMap":{"0":{"start":{"line":1,"column":16},"end":{"line":1,"column":34}},"1":{"start":{"line":2,"column":15},"end":{"line":2,"column":31}},"2":{"start":{"line":3,"column":17},"end":{"line":3,"column":36}},"3":{"start":{"line":5,"column":19},"end":{"line":5,"column":41}},"4":{"start":{"line":6,"column":0},"end":{"line":6,"column":55}},"5":{"start":{"line":7,"column":0},"end":{"line":7,"column":30}},"6":{"start":{"line":9,"column":18},"end":{"line":9,"column":48}},"7":{"start":{"line":14,"column":0},"end":{"line":25,"column":3}},"8":{"start":{"line":15,"column":4},"end":{"line":24,"column":7}},"9":{"start":{"line":17,"column":6},"end":{"line":17,"column":33}},"10":{"start":{"line":18,"column":6},"end":{"line":18,"column":34}},"11":{"start":{"line":21,"column":6},"end":{"line":23,"column":9}},"12":{"start":{"line":28,"column":0},"end":{"line":48,"column":3}},"13":{"start":{"line":29,"column":23},"end":{"line":29,"column":46}},"14":{"start":{"line":31,"column":2},"end":{"line":47,"column":7}},"15":{"start":{"line":33,"column":6},"end":{"line":46,"column":7}},"16":{"start":{"line":34,"column":8},"end":{"line":34,"column":64}},"17":{"start":{"line":36,"column":8},"end":{"line":45,"column":11}},"18":{"start":{"line":38,"column":10},"end":{"line":38,"column":37}},"19":{"start":{"line":39,"column":10},"end":{"line":39,"column":61}},"20":{"start":{"line":42,"column":10},"end":{"line":44,"column":13}},"21":{"start":{"line":51,"column":0},"end":{"line":75,"column":3}},"22":{"start":{"line":52,"column":2},"end":{"line":74,"column":3}},"23":{"start":{"line":56,"column":4},"end":{"line":60,"column":8}},"24":{"start":{"line":63,"column":19},"end":{"line":63,"column":42}},"25":{"start":{"line":64,"column":4},"end":{"line":73,"column":7}},"26":{"start":{"line":66,"column":6},"end":{"line":66,"column":24}},"27":{"start":{"line":67,"column":6},"end":{"line":67,"column":33}},"28":{"start":{"line":70,"column":6},"end":{"line":72,"column":9}},"29":{"start":{"line":78,"column":0},"end":{"line":112,"column":2}},"30":{"start":{"line":79,"column":23},"end":{"line":79,"column":46}},"31":{"start":{"line":81,"column":2},"end":{"line":111,"column":3}},"32":{"start":{"line":85,"column":4},"end":{"line":89,"column":8}},"33":{"start":{"line":92,"column":2},"end":{"line":110,"column":6}},"34":{"start":{"line":94,"column":6},"end":{"line":109,"column":7}},"35":{"start":{"line":95,"column":8},"end":{"line":95,"column":64}},"36":{"start":{"line":97,"column":8},"end":{"line":108,"column":10}},"37":{"start":{"line":99,"column":10},"end":{"line":99,"column":52}},"38":{"start":{"line":100,"column":10},"end":{"line":100,"column":56}},"39":{"start":{"line":101,"column":10},"end":{"line":107,"column":12}},"40":{"start":{"line":102,"column":12},"end":{"line":106,"column":13}},"41":{"start":{"line":103,"column":14},"end":{"line":103,"column":94}},"42":{"start":{"line":105,"column":14},"end":{"line":105,"column":37}},"43":{"start":{"line":115,"column":0},"end":{"line":133,"column":3}},"44":{"start":{"line":116,"column":23},"end":{"line":116,"column":46}},"45":{"start":{"line":118,"column":2},"end":{"line":132,"column":7}},"46":{"start":{"line":120,"column":6},"end":{"line":131,"column":7}},"47":{"start":{"line":121,"column":8},"end":{"line":121,"column":64}},"48":{"start":{"line":123,"column":8},"end":{"line":130,"column":50}},"49":{"start":{"line":124,"column":10},"end":{"line":128,"column":11}},"50":{"start":{"line":125,"column":12},"end":{"line":125,"column":92}},"51":{"start":{"line":127,"column":12},"end":{"line":127,"column":41}},"52":{"start":{"line":130,"column":28},"end":{"line":130,"column":48}},"53":{"start":{"line":135,"column":0},"end":{"line":135,"column":24}}},"fnMap":{"0":{"name":"(anonymous_0)","decl":{"start":{"line":14,"column":16},"end":{"line":14,"column":17}},"loc":{"start":{"line":14,"column":30},"end":{"line":25,"column":1}},"line":14},"1":{"name":"(anonymous_1)","decl":{"start":{"line":16,"column":10},"end":{"line":16,"column":11}},"loc":{"start":{"line":16,"column":20},"end":{"line":19,"column":5}},"line":16},"2":{"name":"(anonymous_2)","decl":{"start":{"line":20,"column":11},"end":{"line":20,"column":12}},"loc":{"start":{"line":20,"column":20},"end":{"line":24,"column":5}},"line":20},"3":{"name":"(anonymous_3)","decl":{"start":{"line":28,"column":29},"end":{"line":28,"column":30}},"loc":{"start":{"line":28,"column":43},"end":{"line":48,"column":1}},"line":28},"4":{"name":"(anonymous_4)","decl":{"start":{"line":32,"column":10},"end":{"line":32,"column":11}},"loc":{"start":{"line":32,"column":25},"end":{"line":47,"column":5}},"line":32},"5":{"name":"(anonymous_5)","decl":{"start":{"line":37,"column":14},"end":{"line":37,"column":15}},"loc":{"start":{"line":37,"column":24},"end":{"line":40,"column":9}},"line":37},"6":{"name":"(anonymous_6)","decl":{"start":{"line":41,"column":15},"end":{"line":41,"column":16}},"loc":{"start":{"line":41,"column":24},"end":{"line":45,"column":9}},"line":41},"7":{"name":"(anonymous_7)","decl":{"start":{"line":51,"column":17},"end":{"line":51,"column":18}},"loc":{"start":{"line":51,"column":31},"end":{"line":75,"column":1}},"line":51},"8":{"name":"(anonymous_8)","decl":{"start":{"line":65,"column":10},"end":{"line":65,"column":11}},"loc":{"start":{"line":65,"column":20},"end":{"line":68,"column":5}},"line":65},"9":{"name":"(anonymous_9)","decl":{"start":{"line":69,"column":11},"end":{"line":69,"column":12}},"loc":{"start":{"line":69,"column":20},"end":{"line":73,"column":5}},"line":69},"10":{"name":"(anonymous_10)","decl":{"start":{"line":78,"column":29},"end":{"line":78,"column":30}},"loc":{"start":{"line":78,"column":43},"end":{"line":112,"column":1}},"line":78},"11":{"name":"(anonymous_11)","decl":{"start":{"line":93,"column":10},"end":{"line":93,"column":11}},"loc":{"start":{"line":93,"column":25},"end":{"line":110,"column":5}},"line":93},"12":{"name":"(anonymous_12)","decl":{"start":{"line":97,"column":58},"end":{"line":97,"column":59}},"loc":{"start":{"line":97,"column":77},"end":{"line":108,"column":9}},"line":97},"13":{"name":"(anonymous_13)","decl":{"start":{"line":101,"column":24},"end":{"line":101,"column":25}},"loc":{"start":{"line":101,"column":39},"end":{"line":107,"column":11}},"line":101},"14":{"name":"(anonymous_14)","decl":{"start":{"line":115,"column":32},"end":{"line":115,"column":33}},"loc":{"start":{"line":115,"column":46},"end":{"line":133,"column":1}},"line":115},"15":{"name":"(anonymous_15)","decl":{"start":{"line":119,"column":10},"end":{"line":119,"column":11}},"loc":{"start":{"line":119,"column":25},"end":{"line":132,"column":5}},"line":119},"16":{"name":"(anonymous_16)","decl":{"start":{"line":123,"column":60},"end":{"line":123,"column":61}},"loc":{"start":{"line":123,"column":83},"end":{"line":129,"column":9}},"line":123},"17":{"name":"(anonymous_17)","decl":{"start":{"line":130,"column":17},"end":{"line":130,"column":18}},"loc":{"start":{"line":130,"column":28},"end":{"line":130,"column":48}},"line":130}},"branchMap":{"0":{"loc":{"start":{"line":22,"column":17},"end":{"line":22,"column":80}},"type":"binary-expr","locations":[{"start":{"line":22,"column":17},"end":{"line":22,"column":28}},{"start":{"line":22,"column":32},"end":{"line":22,"column":80}}],"line":22},"1":{"loc":{"start":{"line":33,"column":6},"end":{"line":46,"column":7}},"type":"if","locations":[{"start":{"line":33,"column":6},"end":{"line":46,"column":7}},{"start":{"line":35,"column":13},"end":{"line":46,"column":7}}],"line":33},"2":{"loc":{"start":{"line":43,"column":21},"end":{"line":43,"column":84}},"type":"binary-expr","locations":[{"start":{"line":43,"column":21},"end":{"line":43,"column":32}},{"start":{"line":43,"column":36},"end":{"line":43,"column":84}}],"line":43},"3":{"loc":{"start":{"line":52,"column":2},"end":{"line":74,"column":3}},"type":"if","locations":[{"start":{"line":52,"column":2},"end":{"line":74,"column":3}},{"start":{"line":61,"column":7},"end":{"line":74,"column":3}}],"line":52},"4":{"loc":{"start":{"line":53,"column":4},"end":{"line":54,"column":26}},"type":"binary-expr","locations":[{"start":{"line":53,"column":4},"end":{"line":53,"column":24}},{"start":{"line":54,"column":4},"end":{"line":54,"column":26}}],"line":53},"5":{"loc":{"start":{"line":71,"column":17},"end":{"line":71,"column":82}},"type":"binary-expr","locations":[{"start":{"line":71,"column":17},"end":{"line":71,"column":28}},{"start":{"line":71,"column":32},"end":{"line":71,"column":82}}],"line":71},"6":{"loc":{"start":{"line":81,"column":2},"end":{"line":111,"column":3}},"type":"if","locations":[{"start":{"line":81,"column":2},"end":{"line":111,"column":3}},{"start":{"line":90,"column":7},"end":{"line":111,"column":3}}],"line":81},"7":{"loc":{"start":{"line":82,"column":4},"end":{"line":83,"column":26}},"type":"binary-expr","locations":[{"start":{"line":82,"column":4},"end":{"line":82,"column":24}},{"start":{"line":83,"column":4},"end":{"line":83,"column":26}}],"line":82},"8":{"loc":{"start":{"line":94,"column":6},"end":{"line":109,"column":7}},"type":"if","locations":[{"start":{"line":94,"column":6},"end":{"line":109,"column":7}},{"start":{"line":96,"column":13},"end":{"line":109,"column":7}}],"line":94},"9":{"loc":{"start":{"line":102,"column":12},"end":{"line":106,"column":13}},"type":"if","locations":[{"start":{"line":102,"column":12},"end":{"line":106,"column":13}},{"start":{"line":104,"column":19},"end":{"line":106,"column":13}}],"line":102},"10":{"loc":{"start":{"line":103,"column":35},"end":{"line":103,"column":92}},"type":"binary-expr","locations":[{"start":{"line":103,"column":35},"end":{"line":103,"column":38}},{"start":{"line":103,"column":42},"end":{"line":103,"column":92}}],"line":103},"11":{"loc":{"start":{"line":120,"column":6},"end":{"line":131,"column":7}},"type":"if","locations":[{"start":{"line":120,"column":6},"end":{"line":131,"column":7}},{"start":{"line":122,"column":13},"end":{"line":131,"column":7}}],"line":120},"12":{"loc":{"start":{"line":124,"column":10},"end":{"line":128,"column":11}},"type":"if","locations":[{"start":{"line":124,"column":10},"end":{"line":128,"column":11}},{"start":{"line":126,"column":17},"end":{"line":128,"column":11}}],"line":124},"13":{"loc":{"start":{"line":125,"column":33},"end":{"line":125,"column":90}},"type":"binary-expr","locations":[{"start":{"line":125,"column":33},"end":{"line":125,"column":36}},{"start":{"line":125,"column":40},"end":{"line":125,"column":90}}],"line":125}},"s":{"0":6,"1":6,"2":6,"3":6,"4":6,"5":6,"6":6,"7":6,"8":1,"9":1,"10":1,"11":0,"12":6,"13":3,"14":3,"15":3,"16":2,"17":1,"18":1,"19":1,"20":0,"21":6,"22":7,"23":1,"24":6,"25":6,"26":6,"27":6,"28":0,"29":6,"30":3,"31":3,"32":0,"33":3,"34":3,"35":2,"36":1,"37":1,"38":1,"39":1,"40":1,"41":0,"42":1,"43":6,"44":2,"45":2,"46":2,"47":1,"48":1,"49":1,"50":0,"51":1,"52":0,"53":6},"f":{"0":1,"1":1,"2":0,"3":3,"4":3,"5":1,"6":0,"7":7,"8":6,"9":0,"10":3,"11":3,"12":1,"13":1,"14":2,"15":2,"16":1,"17":0},"b":{"0":[0,0],"1":[2,1],"2":[0,0],"3":[1,6],"4":[7,6],"5":[0,0],"6":[0,3],"7":[3,3],"8":[2,1],"9":[0,1],"10":[0,0],"11":[1,1],"12":[0,1],"13":[0,0]},"_coverageSchema":"1a1c01bbd47fc00a2c39e90264f33305004495a9","hash":"88bf2ee5d19989cb4f87d71ed7f7a15ac2bebbad"}
,"C:\\Users\\MMXCh\\Desktop\\BYUI\\CSE341\\MTG-database\\routes\\decks.js": {"path":"C:\\Users\\MMXCh\\Desktop\\BYUI\\CSE341\\MTG-database\\routes\\decks.js","statementMap":{"0":{"start":{"line":1,"column":16},"end":{"line":1,"column":34}},"1":{"start":{"line":2,"column":15},"end":{"line":2,"column":31}},"2":{"start":{"line":3,"column":17},"end":{"line":3,"column":36}},"3":{"start":{"line":5,"column":19},"end":{"line":5,"column":41}},"4":{"start":{"line":6,"column":0},"end":{"line":6,"column":55}},"5":{"start":{"line":7,"column":0},"end":{"line":7,"column":30}},"6":{"start":{"line":9,"column":14},"end":{"line":9,"column":40}},"7":{"start":{"line":14,"column":0},"end":{"line":25,"column":3}},"8":{"start":{"line":15,"column":4},"end":{"line":24,"column":7}},"9":{"start":{"line":17,"column":6},"end":{"line":17,"column":33}},"10":{"start":{"line":18,"column":6},"end":{"line":18,"column":34}},"11":{"start":{"line":21,"column":6},"end":{"line":23,"column":9}},"12":{"start":{"line":28,"column":0},"end":{"line":48,"column":3}},"13":{"start":{"line":29,"column":19},"end":{"line":29,"column":38}},"14":{"start":{"line":31,"column":2},"end":{"line":47,"column":7}},"15":{"start":{"line":33,"column":6},"end":{"line":46,"column":7}},"16":{"start":{"line":34,"column":8},"end":{"line":34,"column":55}},"17":{"start":{"line":36,"column":8},"end":{"line":45,"column":11}},"18":{"start":{"line":38,"column":10},"end":{"line":38,"column":37}},"19":{"start":{"line":39,"column":10},"end":{"line":39,"column":57}},"20":{"start":{"line":42,"column":10},"end":{"line":44,"column":13}},"21":{"start":{"line":51,"column":0},"end":{"line":75,"column":3}},"22":{"start":{"line":52,"column":2},"end":{"line":74,"column":3}},"23":{"start":{"line":56,"column":4},"end":{"line":60,"column":8}},"24":{"start":{"line":63,"column":15},"end":{"line":63,"column":34}},"25":{"start":{"line":64,"column":4},"end":{"line":73,"column":7}},"26":{"start":{"line":66,"column":6},"end":{"line":66,"column":24}},"27":{"start":{"line":67,"column":6},"end":{"line":67,"column":33}},"28":{"start":{"line":70,"column":6},"end":{"line":72,"column":9}},"29":{"start":{"line":78,"column":0},"end":{"line":111,"column":2}},"30":{"start":{"line":79,"column":19},"end":{"line":79,"column":38}},"31":{"start":{"line":81,"column":2},"end":{"line":110,"column":3}},"32":{"start":{"line":85,"column":4},"end":{"line":89,"column":8}},"33":{"start":{"line":92,"column":2},"end":{"line":109,"column":6}},"34":{"start":{"line":94,"column":6},"end":{"line":108,"column":7}},"35":{"start":{"line":95,"column":8},"end":{"line":95,"column":55}},"36":{"start":{"line":97,"column":8},"end":{"line":107,"column":10}},"37":{"start":{"line":98,"column":10},"end":{"line":98,"column":44}},"38":{"start":{"line":99,"column":10},"end":{"line":99,"column":40}},"39":{"start":{"line":100,"column":10},"end":{"line":106,"column":12}},"40":{"start":{"line":101,"column":12},"end":{"line":105,"column":13}},"41":{"start":{"line":102,"column":14},"end":{"line":102,"column":90}},"42":{"start":{"line":104,"column":14},"end":{"line":104,"column":37}},"43":{"start":{"line":114,"column":0},"end":{"line":133,"column":3}},"44":{"start":{"line":115,"column":19},"end":{"line":115,"column":38}},"45":{"start":{"line":117,"column":2},"end":{"line":132,"column":7}},"46":{"start":{"line":119,"column":6},"end":{"line":131,"column":7}},"47":{"start":{"line":120,"column":8},"end":{"line":120,"column":60}},"48":{"start":{"line":122,"column":8},"end":{"line":130,"column":50}},"49":{"start":{"line":123,"column":10},"end":{"line":127,"column":11}},"50":{"start":{"line":124,"column":12},"end":{"line":124,"column":88}},"51":{"start":{"line":126,"column":12},"end":{"line":126,"column":41}},"52":{"start":{"line":130,"column":28},"end":{"line":130,"column":48}},"53":{"start":{"line":135,"column":0},"end":{"line":135,"column":24}}},"fnMap":{"0":{"name":"(anonymous_0)","decl":{"start":{"line":14,"column":16},"end":{"line":14,"column":17}},"loc":{"start":{"line":14,"column":30},"end":{"line":25,"column":1}},"line":14},"1":{"name":"(anonymous_1)","decl":{"start":{"line":16,"column":10},"end":{"line":16,"column":11}},"loc":{"start":{"line":16,"column":20},"end":{"line":19,"column":5}},"line":16},"2":{"name":"(anonymous_2)","decl":{"start":{"line":20,"column":11},"end":{"line":20,"column":12}},"loc":{"start":{"line":20,"column":20},"end":{"line":24,"column":5}},"line":20},"3":{"name":"(anonymous_3)","decl":{"start":{"line":28,"column":25},"end":{"line":28,"column":26}},"loc":{"start":{"line":28,"column":39},"end":{"line":48,"column":1}},"line":28},"4":{"name":"(anonymous_4)","decl":{"start":{"line":32,"column":10},"end":{"line":32,"column":11}},"loc":{"start":{"line":32,"column":25},"end":{"line":47,"column":5}},"line":32},"5":{"name":"(anonymous_5)","decl":{"start":{"line":37,"column":14},"end":{"line":37,"column":15}},"loc":{"start":{"line":37,"column":24},"end":{"line":40,"column":9}},"line":37},"6":{"name":"(anonymous_6)","decl":{"start":{"line":41,"column":15},"end":{"line":41,"column":16}},"loc":{"start":{"line":41,"column":24},"end":{"line":45,"column":9}},"line":41},"7":{"name":"(anonymous_7)","decl":{"start":{"line":51,"column":17},"end":{"line":51,"column":18}},"loc":{"start":{"line":51,"column":31},"end":{"line":75,"column":1}},"line":51},"8":{"name":"(anonymous_8)","decl":{"start":{"line":65,"column":10},"end":{"line":65,"column":11}},"loc":{"start":{"line":65,"column":20},"end":{"line":68,"column":5}},"line":65},"9":{"name":"(anonymous_9)","decl":{"start":{"line":69,"column":11},"end":{"line":69,"column":12}},"loc":{"start":{"line":69,"column":20},"end":{"line":73,"column":5}},"line":69},"10":{"name":"(anonymous_10)","decl":{"start":{"line":78,"column":25},"end":{"line":78,"column":26}},"loc":{"start":{"line":78,"column":39},"end":{"line":111,"column":1}},"line":78},"11":{"name":"(anonymous_11)","decl":{"start":{"line":93,"column":10},"end":{"line":93,"column":11}},"loc":{"start":{"line":93,"column":25},"end":{"line":109,"column":5}},"line":93},"12":{"name":"(anonymous_12)","decl":{"start":{"line":97,"column":46},"end":{"line":97,"column":47}},"loc":{"start":{"line":97,"column":61},"end":{"line":107,"column":9}},"line":97},"13":{"name":"(anonymous_13)","decl":{"start":{"line":100,"column":20},"end":{"line":100,"column":21}},"loc":{"start":{"line":100,"column":35},"end":{"line":106,"column":11}},"line":100},"14":{"name":"(anonymous_14)","decl":{"start":{"line":114,"column":28},"end":{"line":114,"column":29}},"loc":{"start":{"line":114,"column":42},"end":{"line":133,"column":1}},"line":114},"15":{"name":"(anonymous_15)","decl":{"start":{"line":118,"column":10},"end":{"line":118,"column":11}},"loc":{"start":{"line":118,"column":25},"end":{"line":132,"column":5}},"line":118},"16":{"name":"(anonymous_16)","decl":{"start":{"line":122,"column":48},"end":{"line":122,"column":49}},"loc":{"start":{"line":122,"column":71},"end":{"line":129,"column":9}},"line":122},"17":{"name":"(anonymous_17)","decl":{"start":{"line":130,"column":17},"end":{"line":130,"column":18}},"loc":{"start":{"line":130,"column":28},"end":{"line":130,"column":48}},"line":130}},"branchMap":{"0":{"loc":{"start":{"line":22,"column":17},"end":{"line":22,"column":76}},"type":"binary-expr","locations":[{"start":{"line":22,"column":17},"end":{"line":22,"column":28}},{"start":{"line":22,"column":32},"end":{"line":22,"column":76}}],"line":22},"1":{"loc":{"start":{"line":33,"column":6},"end":{"line":46,"column":7}},"type":"if","locations":[{"start":{"line":33,"column":6},"end":{"line":46,"column":7}},{"start":{"line":35,"column":13},"end":{"line":46,"column":7}}],"line":33},"2":{"loc":{"start":{"line":43,"column":21},"end":{"line":43,"column":80}},"type":"binary-expr","locations":[{"start":{"line":43,"column":21},"end":{"line":43,"column":32}},{"start":{"line":43,"column":36},"end":{"line":43,"column":80}}],"line":43},"3":{"loc":{"start":{"line":52,"column":2},"end":{"line":74,"column":3}},"type":"if","locations":[{"start":{"line":52,"column":2},"end":{"line":74,"column":3}},{"start":{"line":61,"column":7},"end":{"line":74,"column":3}}],"line":52},"4":{"loc":{"start":{"line":53,"column":4},"end":{"line":54,"column":20}},"type":"binary-expr","locations":[{"start":{"line":53,"column":4},"end":{"line":53,"column":22}},{"start":{"line":54,"column":4},"end":{"line":54,"column":20}}],"line":53},"5":{"loc":{"start":{"line":71,"column":17},"end":{"line":71,"column":69}},"type":"binary-expr","locations":[{"start":{"line":71,"column":17},"end":{"line":71,"column":28}},{"start":{"line":71,"column":32},"end":{"line":71,"column":69}}],"line":71},"6":{"loc":{"start":{"line":81,"column":2},"end":{"line":110,"column":3}},"type":"if","locations":[{"start":{"line":81,"column":2},"end":{"line":110,"column":3}},{"start":{"line":90,"column":7},"end":{"line":110,"column":3}}],"line":81},"7":{"loc":{"start":{"line":82,"column":4},"end":{"line":83,"column":20}},"type":"binary-expr","locations":[{"start":{"line":82,"column":4},"end":{"line":82,"column":22}},{"start":{"line":83,"column":4},"end":{"line":83,"column":20}}],"line":82},"8":{"loc":{"start":{"line":94,"column":6},"end":{"line":108,"column":7}},"type":"if","locations":[{"start":{"line":94,"column":6},"end":{"line":108,"column":7}},{"start":{"line":96,"column":13},"end":{"line":108,"column":7}}],"line":94},"9":{"loc":{"start":{"line":101,"column":12},"end":{"line":105,"column":13}},"type":"if","locations":[{"start":{"line":101,"column":12},"end":{"line":105,"column":13}},{"start":{"line":103,"column":19},"end":{"line":105,"column":13}}],"line":101},"10":{"loc":{"start":{"line":102,"column":35},"end":{"line":102,"column":88}},"type":"binary-expr","locations":[{"start":{"line":102,"column":35},"end":{"line":102,"column":38}},{"start":{"line":102,"column":42},"end":{"line":102,"column":88}}],"line":102},"11":{"loc":{"start":{"line":119,"column":6},"end":{"line":131,"column":7}},"type":"if","locations":[{"start":{"line":119,"column":6},"end":{"line":131,"column":7}},{"start":{"line":121,"column":13},"end":{"line":131,"column":7}}],"line":119},"12":{"loc":{"start":{"line":123,"column":10},"end":{"line":127,"column":11}},"type":"if","locations":[{"start":{"line":123,"column":10},"end":{"line":127,"column":11}},{"start":{"line":125,"column":17},"end":{"line":127,"column":11}}],"line":123},"13":{"loc":{"start":{"line":124,"column":33},"end":{"line":124,"column":86}},"type":"binary-expr","locations":[{"start":{"line":124,"column":33},"end":{"line":124,"column":36}},{"start":{"line":124,"column":40},"end":{"line":124,"column":86}}],"line":124}},"s":{"0":6,"1":6,"2":6,"3":6,"4":6,"5":6,"6":6,"7":6,"8":1,"9":1,"10":1,"11":0,"12":6,"13":3,"14":3,"15":3,"16":2,"17":1,"18":1,"19":1,"20":0,"21":6,"22":7,"23":1,"24":6,"25":6,"26":6,"27":6,"28":0,"29":6,"30":3,"31":3,"32":0,"33":3,"34":3,"35":2,"36":1,"37":1,"38":1,"39":1,"40":1,"41":0,"42":1,"43":6,"44":2,"45":2,"46":2,"47":1,"48":1,"49":1,"50":0,"51":1,"52":0,"53":6},"f":{"0":1,"1":1,"2":0,"3":3,"4":3,"5":1,"6":0,"7":7,"8":6,"9":0,"10":3,"11":3,"12":1,"13":1,"14":2,"15":2,"16":1,"17":0},"b":{"0":[0,0],"1":[2,1],"2":[0,0],"3":[1,6],"4":[7,6],"5":[0,0],"6":[0,3],"7":[3,3],"8":[2,1],"9":[0,1],"10":[0,0],"11":[1,1],"12":[0,1],"13":[0,0]},"_coverageSchema":"1a1c01bbd47fc00a2c39e90264f33305004495a9","hash":"d3434bb85c01db2c9405bf8858a0f9d7c13e7c6c"}
,"C:\\Users\\MMXCh\\Desktop\\BYUI\\CSE341\\MTG-database\\routes\\index.js": {"path":"C:\\Users\\MMXCh\\Desktop\\BYUI\\CSE341\\MTG-database\\routes\\index.js","statementMap":{"0":{"start":{"line":1,"column":16},"end":{"line":1,"column":34}},"1":{"start":{"line":2,"column":15},"end":{"line":2,"column":31}},"2":{"start":{"line":4,"column":18},"end":{"line":4,"column":47}},"3":{"start":{"line":5,"column":24},"end":{"line":5,"column":55}},"4":{"start":{"line":7,"column":36},"end":{"line":7,"column":65}},"5":{"start":{"line":11,"column":0},"end":{"line":15,"column":4}},"6":{"start":{"line":12,"column":4},"end":{"line":14,"column":6}},"7":{"start":{"line":18,"column":0},"end":{"line":18,"column":38}},"8":{"start":{"line":19,"column":0},"end":{"line":19,"column":41}},"9":{"start":{"line":20,"column":0},"end":{"line":20,"column":41}},"10":{"start":{"line":21,"column":0},"end":{"line":21,"column":41}},"11":{"start":{"line":22,"column":0},"end":{"line":22,"column":49}},"12":{"start":{"line":23,"column":0},"end":{"line":23,"column":49}},"13":{"start":{"line":25,"column":0},"end":{"line":27,"column":2}},"14":{"start":{"line":26,"column":4},"end":{"line":26,"column":30}},"15":{"start":{"line":29,"column":0},"end":{"line":29,"column":24}}},"fnMap":{"0":{"name":"(anonymous_0)","decl":{"start":{"line":11,"column":28},"end":{"line":11,"column":29}},"loc":{"start":{"line":11,"column":42},"end":{"line":15,"column":3}},"line":11},"1":{"name":"(anonymous_1)","decl":{"start":{"line":25,"column":16},"end":{"line":25,"column":17}},"loc":{"start":{"line":25,"column":28},"end":{"line":27,"column":1}},"line":25}},"branchMap":{},"s":{"0":6,"1":6,"2":6,"3":6,"4":6,"5":6,"6":0,"7":6,"8":6,"9":6,"10":6,"11":6,"12":6,"13":6,"14":0,"15":6},"f":{"0":0,"1":0},"b":{},"_coverageSchema":"1a1c01bbd47fc00a2c39e90264f33305004495a9","hash":"adc15341b1789dbbfdc4cad5001705494f2c6a47"}
,"C:\\Users\\MMXCh\\Desktop\\BYUI\\CSE341\\MTG-database\\routes\\swagger.js": {"path":"C:\\Users\\MMXCh\\Desktop\\BYUI\\CSE341\\MTG-database\\routes\\swagger.js","statementMap":{"0":{"start":{"line":1,"column":15},"end":{"line":1,"column":42}},"1":{"start":{"line":2,"column":18},"end":{"line":2,"column":47}},"2":{"start":{"line":3,"column":24},"end":{"line":3,"column":55}},"3":{"start":{"line":5,"column":36},"end":{"line":5,"column":65}},"4":{"start":{"line":7,"column":0},"end":{"line":7,"column":41}},"5":{"start":{"line":8,"column":0},"end":{"line":8,"column":70}},"6":{"start":{"line":10,"column":0},"end":{"line":10,"column":24}}},"fnMap":{},"branchMap":{},"s":{"0":6,"1":6,"2":6,"3":6,"4":6,"5":6,"6":6},"f":{},"b":{},"_coverageSchema":"1a1c01bbd47fc00a2c39e90264f33305004495a9","hash":"e744ed987c9f516cd7e12c742ac90e41b65df6c9"}
,"C:\\Users\\MMXCh\\Desktop\\BYUI\\CSE341\\MTG-database\\routes\\types.js": {"path":"C:\\Users\\MMXCh\\Desktop\\BYUI\\CSE341\\MTG-database\\routes\\types.js","statementMap":{"0":{"start":{"line":1,"column":16},"end":{"line":1,"column":34}},"1":{"start":{"line":2,"column":15},"end":{"line":2,"column":31}},"2":{"start":{"line":3,"column":17},"end":{"line":3,"column":36}},"3":{"start":{"line":5,"column":19},"end":{"line":5,"column":41}},"4":{"start":{"line":6,"column":0},"end":{"line":6,"column":55}},"5":{"start":{"line":7,"column":0},"end":{"line":7,"column":30}},"6":{"start":{"line":9,"column":14},"end":{"line":9,"column":40}},"7":{"start":{"line":14,"column":0},"end":{"line":25,"column":3}},"8":{"start":{"line":15,"column":4},"end":{"line":24,"column":7}},"9":{"start":{"line":17,"column":6},"end":{"line":17,"column":33}},"10":{"start":{"line":18,"column":6},"end":{"line":18,"column":34}},"11":{"start":{"line":21,"column":6},"end":{"line":23,"column":9}},"12":{"start":{"line":28,"column":0},"end":{"line":48,"column":3}},"13":{"start":{"line":29,"column":19},"end":{"line":29,"column":38}},"14":{"start":{"line":31,"column":2},"end":{"line":47,"column":7}},"15":{"start":{"line":33,"column":6},"end":{"line":46,"column":7}},"16":{"start":{"line":34,"column":8},"end":{"line":34,"column":60}},"17":{"start":{"line":36,"column":8},"end":{"line":45,"column":11}},"18":{"start":{"line":38,"column":10},"end":{"line":38,"column":37}},"19":{"start":{"line":39,"column":10},"end":{"line":39,"column":57}},"20":{"start":{"line":42,"column":10},"end":{"line":44,"column":13}},"21":{"start":{"line":51,"column":0},"end":{"line":75,"column":3}},"22":{"start":{"line":52,"column":2},"end":{"line":74,"column":3}},"23":{"start":{"line":56,"column":4},"end":{"line":60,"column":8}},"24":{"start":{"line":63,"column":15},"end":{"line":63,"column":34}},"25":{"start":{"line":64,"column":4},"end":{"line":73,"column":7}},"26":{"start":{"line":66,"column":6},"end":{"line":66,"column":24}},"27":{"start":{"line":67,"column":6},"end":{"line":67,"column":33}},"28":{"start":{"line":70,"column":6},"end":{"line":72,"column":9}},"29":{"start":{"line":78,"column":0},"end":{"line":112,"column":2}},"30":{"start":{"line":79,"column":19},"end":{"line":79,"column":38}},"31":{"start":{"line":81,"column":2},"end":{"line":111,"column":3}},"32":{"start":{"line":85,"column":4},"end":{"line":89,"column":8}},"33":{"start":{"line":92,"column":2},"end":{"line":110,"column":6}},"34":{"start":{"line":94,"column":6},"end":{"line":109,"column":7}},"35":{"start":{"line":95,"column":8},"end":{"line":95,"column":60}},"36":{"start":{"line":97,"column":8},"end":{"line":108,"column":10}},"37":{"start":{"line":99,"column":10},"end":{"line":99,"column":40}},"38":{"start":{"line":100,"column":10},"end":{"line":100,"column":44}},"39":{"start":{"line":101,"column":10},"end":{"line":107,"column":12}},"40":{"start":{"line":102,"column":12},"end":{"line":106,"column":13}},"41":{"start":{"line":103,"column":14},"end":{"line":103,"column":90}},"42":{"start":{"line":105,"column":14},"end":{"line":105,"column":37}},"43":{"start":{"line":115,"column":0},"end":{"line":134,"column":3}},"44":{"start":{"line":116,"column":19},"end":{"line":116,"column":38}},"45":{"start":{"line":118,"column":2},"end":{"line":133,"column":7}},"46":{"start":{"line":120,"column":6},"end":{"line":132,"column":7}},"47":{"start":{"line":121,"column":8},"end":{"line":121,"column":60}},"48":{"start":{"line":123,"column":8},"end":{"line":131,"column":50}},"49":{"start":{"line":124,"column":10},"end":{"line":128,"column":11}},"50":{"start":{"line":125,"column":12},"end":{"line":125,"column":88}},"51":{"start":{"line":127,"column":12},"end":{"line":127,"column":41}},"52":{"start":{"line":131,"column":28},"end":{"line":131,"column":48}},"53":{"start":{"line":136,"column":0},"end":{"line":136,"column":24}}},"fnMap":{"0":{"name":"(anonymous_0)","decl":{"start":{"line":14,"column":16},"end":{"line":14,"column":17}},"loc":{"start":{"line":14,"column":30},"end":{"line":25,"column":1}},"line":14},"1":{"name":"(anonymous_1)","decl":{"start":{"line":16,"column":10},"end":{"line":16,"column":11}},"loc":{"start":{"line":16,"column":20},"end":{"line":19,"column":5}},"line":16},"2":{"name":"(anonymous_2)","decl":{"start":{"line":20,"column":11},"end":{"line":20,"column":12}},"loc":{"start":{"line":20,"column":20},"end":{"line":24,"column":5}},"line":20},"3":{"name":"(anonymous_3)","decl":{"start":{"line":28,"column":25},"end":{"line":28,"column":26}},"loc":{"start":{"line":28,"column":39},"end":{"line":48,"column":1}},"line":28},"4":{"name":"(anonymous_4)","decl":{"start":{"line":32,"column":10},"end":{"line":32,"column":11}},"loc":{"start":{"line":32,"column":25},"end":{"line":47,"column":5}},"line":32},"5":{"name":"(anonymous_5)","decl":{"start":{"line":37,"column":14},"end":{"line":37,"column":15}},"loc":{"start":{"line":37,"column":24},"end":{"line":40,"column":9}},"line":37},"6":{"name":"(anonymous_6)","decl":{"start":{"line":41,"column":15},"end":{"line":41,"column":16}},"loc":{"start":{"line":41,"column":24},"end":{"line":45,"column":9}},"line":41},"7":{"name":"(anonymous_7)","decl":{"start":{"line":51,"column":17},"end":{"line":51,"column":18}},"loc":{"start":{"line":51,"column":31},"end":{"line":75,"column":1}},"line":51},"8":{"name":"(anonymous_8)","decl":{"start":{"line":65,"column":10},"end":{"line":65,"column":11}},"loc":{"start":{"line":65,"column":20},"end":{"line":68,"column":5}},"line":65},"9":{"name":"(anonymous_9)","decl":{"start":{"line":69,"column":11},"end":{"line":69,"column":12}},"loc":{"start":{"line":69,"column":20},"end":{"line":73,"column":5}},"line":69},"10":{"name":"(anonymous_10)","decl":{"start":{"line":78,"column":25},"end":{"line":78,"column":26}},"loc":{"start":{"line":78,"column":39},"end":{"line":112,"column":1}},"line":78},"11":{"name":"(anonymous_11)","decl":{"start":{"line":93,"column":10},"end":{"line":93,"column":11}},"loc":{"start":{"line":93,"column":25},"end":{"line":110,"column":5}},"line":93},"12":{"name":"(anonymous_12)","decl":{"start":{"line":97,"column":46},"end":{"line":97,"column":47}},"loc":{"start":{"line":97,"column":61},"end":{"line":108,"column":9}},"line":97},"13":{"name":"(anonymous_13)","decl":{"start":{"line":101,"column":20},"end":{"line":101,"column":21}},"loc":{"start":{"line":101,"column":35},"end":{"line":107,"column":11}},"line":101},"14":{"name":"(anonymous_14)","decl":{"start":{"line":115,"column":28},"end":{"line":115,"column":29}},"loc":{"start":{"line":115,"column":42},"end":{"line":134,"column":1}},"line":115},"15":{"name":"(anonymous_15)","decl":{"start":{"line":119,"column":10},"end":{"line":119,"column":11}},"loc":{"start":{"line":119,"column":25},"end":{"line":133,"column":5}},"line":119},"16":{"name":"(anonymous_16)","decl":{"start":{"line":123,"column":48},"end":{"line":123,"column":49}},"loc":{"start":{"line":123,"column":71},"end":{"line":130,"column":9}},"line":123},"17":{"name":"(anonymous_17)","decl":{"start":{"line":131,"column":17},"end":{"line":131,"column":18}},"loc":{"start":{"line":131,"column":28},"end":{"line":131,"column":48}},"line":131}},"branchMap":{"0":{"loc":{"start":{"line":22,"column":17},"end":{"line":22,"column":76}},"type":"binary-expr","locations":[{"start":{"line":22,"column":17},"end":{"line":22,"column":28}},{"start":{"line":22,"column":32},"end":{"line":22,"column":76}}],"line":22},"1":{"loc":{"start":{"line":33,"column":6},"end":{"line":46,"column":7}},"type":"if","locations":[{"start":{"line":33,"column":6},"end":{"line":46,"column":7}},{"start":{"line":35,"column":13},"end":{"line":46,"column":7}}],"line":33},"2":{"loc":{"start":{"line":43,"column":21},"end":{"line":43,"column":80}},"type":"binary-expr","locations":[{"start":{"line":43,"column":21},"end":{"line":43,"column":32}},{"start":{"line":43,"column":36},"end":{"line":43,"column":80}}],"line":43},"3":{"loc":{"start":{"line":52,"column":2},"end":{"line":74,"column":3}},"type":"if","locations":[{"start":{"line":52,"column":2},"end":{"line":74,"column":3}},{"start":{"line":61,"column":7},"end":{"line":74,"column":3}}],"line":52},"4":{"loc":{"start":{"line":53,"column":4},"end":{"line":54,"column":22}},"type":"binary-expr","locations":[{"start":{"line":53,"column":4},"end":{"line":53,"column":20}},{"start":{"line":54,"column":4},"end":{"line":54,"column":22}}],"line":53},"5":{"loc":{"start":{"line":71,"column":17},"end":{"line":71,"column":78}},"type":"binary-expr","locations":[{"start":{"line":71,"column":17},"end":{"line":71,"column":28}},{"start":{"line":71,"column":32},"end":{"line":71,"column":78}}],"line":71},"6":{"loc":{"start":{"line":81,"column":2},"end":{"line":111,"column":3}},"type":"if","locations":[{"start":{"line":81,"column":2},"end":{"line":111,"column":3}},{"start":{"line":90,"column":7},"end":{"line":111,"column":3}}],"line":81},"7":{"loc":{"start":{"line":82,"column":4},"end":{"line":83,"column":22}},"type":"binary-expr","locations":[{"start":{"line":82,"column":4},"end":{"line":82,"column":20}},{"start":{"line":83,"column":4},"end":{"line":83,"column":22}}],"line":82},"8":{"loc":{"start":{"line":94,"column":6},"end":{"line":109,"column":7}},"type":"if","locations":[{"start":{"line":94,"column":6},"end":{"line":109,"column":7}},{"start":{"line":96,"column":13},"end":{"line":109,"column":7}}],"line":94},"9":{"loc":{"start":{"line":102,"column":12},"end":{"line":106,"column":13}},"type":"if","locations":[{"start":{"line":102,"column":12},"end":{"line":106,"column":13}},{"start":{"line":104,"column":19},"end":{"line":106,"column":13}}],"line":102},"10":{"loc":{"start":{"line":103,"column":35},"end":{"line":103,"column":88}},"type":"binary-expr","locations":[{"start":{"line":103,"column":35},"end":{"line":103,"column":38}},{"start":{"line":103,"column":42},"end":{"line":103,"column":88}}],"line":103},"11":{"loc":{"start":{"line":120,"column":6},"end":{"line":132,"column":7}},"type":"if","locations":[{"start":{"line":120,"column":6},"end":{"line":132,"column":7}},{"start":{"line":122,"column":13},"end":{"line":132,"column":7}}],"line":120},"12":{"loc":{"start":{"line":124,"column":10},"end":{"line":128,"column":11}},"type":"if","locations":[{"start":{"line":124,"column":10},"end":{"line":128,"column":11}},{"start":{"line":126,"column":17},"end":{"line":128,"column":11}}],"line":124},"13":{"loc":{"start":{"line":125,"column":33},"end":{"line":125,"column":86}},"type":"binary-expr","locations":[{"start":{"line":125,"column":33},"end":{"line":125,"column":36}},{"start":{"line":125,"column":40},"end":{"line":125,"column":86}}],"line":125}},"s":{"0":6,"1":6,"2":6,"3":6,"4":6,"5":6,"6":6,"7":6,"8":1,"9":1,"10":1,"11":0,"12":6,"13":3,"14":3,"15":3,"16":2,"17":1,"18":1,"19":1,"20":0,"21":6,"22":7,"23":1,"24":6,"25":6,"26":6,"27":6,"28":0,"29":6,"30":3,"31":3,"32":0,"33":3,"34":3,"35":2,"36":1,"37":1,"38":1,"39":1,"40":1,"41":0,"42":1,"43":6,"44":2,"45":2,"46":2,"47":1,"48":1,"49":1,"50":0,"51":1,"52":0,"53":6},"f":{"0":1,"1":1,"2":0,"3":3,"4":3,"5":1,"6":0,"7":7,"8":6,"9":0,"10":3,"11":3,"12":1,"13":1,"14":2,"15":2,"16":1,"17":0},"b":{"0":[0,0],"1":[2,1],"2":[0,0],"3":[1,6],"4":[7,7],"5":[0,0],"6":[0,3],"7":[3,3],"8":[2,1],"9":[0,1],"10":[0,0],"11":[1,1],"12":[0,1],"13":[0,0]},"_coverageSchema":"1a1c01bbd47fc00a2c39e90264f33305004495a9","hash":"a7f2fc83586946c84cc3acfe478eecfba14ad9bc"}
}
