TN:
SF:middleware\auth.js
FN:2,(anonymous_0)
FN:9,(anonymous_1)
FNF:2
FNH:0
FNDA:0,(anonymous_0)
FNDA:0,(anonymous_1)
DA:1,6
DA:3,0
DA:4,0
DA:6,0
DA:10,0
DA:11,0
DA:13,0
LF:7
LH:1
BRDA:3,0,0,0
BRDA:3,0,1,0
BRDA:10,1,0,0
BRDA:10,1,1,0
BRF:4
BRH:0
end_of_record
TN:
SF:models\abilities.js
FNF:0
FNH:0
DA:2,6
DA:4,6
DA:19,6
LF:3
LH:3
BRF:0
BRH:0
end_of_record
TN:
SF:models\cards.js
FNF:0
FNH:0
DA:2,6
DA:4,6
DA:41,6
LF:3
LH:3
BRF:0
BRH:0
end_of_record
TN:
SF:models\creatures.js
FNF:0
FNH:0
DA:2,6
DA:4,6
DA:15,6
LF:3
LH:3
BRF:0
BRH:0
end_of_record
TN:
SF:models\decks.js
FNF:0
FNH:0
DA:2,6
DA:4,6
DA:6,6
DA:17,6
LF:4
LH:4
BRF:0
BRH:0
end_of_record
TN:
SF:models\types.js
FNF:0
FNH:0
DA:2,6
DA:4,6
DA:15,6
LF:3
LH:3
BRF:0
BRH:0
end_of_record
TN:
SF:routes\abilities.js
FN:14,(anonymous_0)
FN:16,(anonymous_1)
FN:20,(anonymous_2)
FN:28,(anonymous_3)
FN:32,(anonymous_4)
FN:37,(anonymous_5)
FN:41,(anonymous_6)
FN:51,(anonymous_7)
FN:66,(anonymous_8)
FN:70,(anonymous_9)
FN:79,(anonymous_10)
FN:95,(anonymous_11)
FN:99,(anonymous_12)
FN:104,(anonymous_13)
FN:118,(anonymous_14)
FN:122,(anonymous_15)
FN:126,(anonymous_16)
FN:133,(anonymous_17)
FNF:18
FNH:14
FNDA:1,(anonymous_0)
FNDA:1,(anonymous_1)
FNDA:0,(anonymous_2)
FNDA:4,(anonymous_3)
FNDA:4,(anonymous_4)
FNDA:1,(anonymous_5)
FNDA:0,(anonymous_6)
FNDA:6,(anonymous_7)
FNDA:5,(anonymous_8)
FNDA:0,(anonymous_9)
FNDA:2,(anonymous_10)
FNDA:2,(anonymous_11)
FNDA:1,(anonymous_12)
FNDA:1,(anonymous_13)
FNDA:2,(anonymous_14)
FNDA:2,(anonymous_15)
FNDA:1,(anonymous_16)
FNDA:0,(anonymous_17)
DA:1,6
DA:2,6
DA:3,6
DA:5,6
DA:6,6
DA:7,6
DA:9,6
DA:14,6
DA:15,1
DA:17,1
DA:18,1
DA:21,0
DA:28,6
DA:29,4
DA:31,4
DA:33,4
DA:34,3
DA:36,1
DA:38,1
DA:39,1
DA:42,0
DA:51,6
DA:52,6
DA:57,1
DA:64,5
DA:65,5
DA:67,5
DA:68,5
DA:71,0
DA:79,6
DA:80,2
DA:82,2
DA:87,0
DA:94,2
DA:96,2
DA:97,1
DA:99,1
DA:101,1
DA:102,1
DA:103,1
DA:104,1
DA:105,1
DA:106,0
DA:108,1
DA:118,6
DA:119,2
DA:121,2
DA:123,2
DA:124,1
DA:126,1
DA:127,1
DA:128,0
DA:130,1
DA:133,0
DA:138,6
LF:55
LH:48
BRDA:22,0,0,0
BRDA:22,0,1,0
BRDA:33,1,0,3
BRDA:33,1,1,1
BRDA:43,2,0,0
BRDA:43,2,1,0
BRDA:52,3,0,1
BRDA:52,3,1,5
BRDA:53,4,0,6
BRDA:53,4,1,6
BRDA:53,4,2,6
BRDA:72,5,0,0
BRDA:72,5,1,0
BRDA:82,6,0,0
BRDA:82,6,1,2
BRDA:83,7,0,2
BRDA:83,7,1,2
BRDA:83,7,2,2
BRDA:96,8,0,1
BRDA:96,8,1,1
BRDA:105,9,0,0
BRDA:105,9,1,1
BRDA:106,10,0,0
BRDA:106,10,1,0
BRDA:123,11,0,1
BRDA:123,11,1,1
BRDA:127,12,0,0
BRDA:127,12,1,1
BRDA:128,13,0,0
BRDA:128,13,1,0
BRF:30
BRH:17
end_of_record
TN:
SF:routes\cards.js
FN:14,(anonymous_0)
FN:16,(anonymous_1)
FN:20,(anonymous_2)
FN:28,(anonymous_3)
FN:32,(anonymous_4)
FN:37,(anonymous_5)
FN:41,(anonymous_6)
FN:51,(anonymous_7)
FN:73,(anonymous_8)
FN:77,(anonymous_9)
FN:86,(anonymous_10)
FN:109,(anonymous_11)
FN:113,(anonymous_12)
FN:124,(anonymous_13)
FN:138,(anonymous_14)
FN:142,(anonymous_15)
FN:146,(anonymous_16)
FN:154,(anonymous_17)
FNF:18
FNH:14
FNDA:1,(anonymous_0)
FNDA:1,(anonymous_1)
FNDA:0,(anonymous_2)
FNDA:3,(anonymous_3)
FNDA:3,(anonymous_4)
FNDA:1,(anonymous_5)
FNDA:0,(anonymous_6)
FNDA:7,(anonymous_7)
FNDA:6,(anonymous_8)
FNDA:0,(anonymous_9)
FNDA:3,(anonymous_10)
FNDA:3,(anonymous_11)
FNDA:1,(anonymous_12)
FNDA:1,(anonymous_13)
FNDA:2,(anonymous_14)
FNDA:2,(anonymous_15)
FNDA:1,(anonymous_16)
FNDA:0,(anonymous_17)
DA:1,6
DA:2,6
DA:3,6
DA:5,6
DA:6,6
DA:7,6
DA:9,6
DA:14,6
DA:15,1
DA:17,1
DA:18,1
DA:21,0
DA:28,6
DA:29,3
DA:31,3
DA:33,3
DA:34,2
DA:36,1
DA:38,1
DA:39,1
DA:42,0
DA:51,6
DA:52,7
DA:64,1
DA:71,6
DA:72,6
DA:74,6
DA:75,6
DA:78,0
DA:86,6
DA:87,3
DA:89,3
DA:101,0
DA:108,3
DA:110,3
DA:111,2
DA:113,1
DA:114,1
DA:115,1
DA:116,1
DA:117,1
DA:118,1
DA:119,1
DA:120,1
DA:121,1
DA:122,1
DA:123,1
DA:124,1
DA:125,1
DA:126,0
DA:128,1
DA:138,6
DA:139,2
DA:141,2
DA:143,2
DA:144,1
DA:146,1
DA:147,1
DA:148,0
DA:150,1
DA:154,0
DA:159,6
LF:62
LH:55
BRDA:22,0,0,0
BRDA:22,0,1,0
BRDA:33,1,0,2
BRDA:33,1,1,1
BRDA:43,2,0,0
BRDA:43,2,1,0
BRDA:52,3,0,1
BRDA:52,3,1,6
BRDA:53,4,0,7
BRDA:53,4,1,7
BRDA:53,4,2,7
BRDA:53,4,3,7
BRDA:53,4,4,6
BRDA:53,4,5,6
BRDA:53,4,6,6
BRDA:53,4,7,6
BRDA:53,4,8,6
BRDA:53,4,9,6
BRDA:79,5,0,0
BRDA:79,5,1,0
BRDA:89,6,0,0
BRDA:89,6,1,3
BRDA:90,7,0,3
BRDA:90,7,1,3
BRDA:90,7,2,3
BRDA:90,7,3,3
BRDA:90,7,4,3
BRDA:90,7,5,3
BRDA:90,7,6,3
BRDA:90,7,7,3
BRDA:90,7,8,3
BRDA:90,7,9,3
BRDA:110,8,0,2
BRDA:110,8,1,1
BRDA:125,9,0,0
BRDA:125,9,1,1
BRDA:126,10,0,0
BRDA:126,10,1,0
BRDA:143,11,0,1
BRDA:143,11,1,1
BRDA:147,12,0,0
BRDA:147,12,1,1
BRDA:148,13,0,0
BRDA:148,13,1,0
BRF:44
BRH:31
end_of_record
TN:
SF:routes\creatures.js
FN:14,(anonymous_0)
FN:16,(anonymous_1)
FN:20,(anonymous_2)
FN:28,(anonymous_3)
FN:32,(anonymous_4)
FN:37,(anonymous_5)
FN:41,(anonymous_6)
FN:51,(anonymous_7)
FN:65,(anonymous_8)
FN:69,(anonymous_9)
FN:78,(anonymous_10)
FN:93,(anonymous_11)
FN:97,(anonymous_12)
FN:101,(anonymous_13)
FN:115,(anonymous_14)
FN:119,(anonymous_15)
FN:123,(anonymous_16)
FN:130,(anonymous_17)
FNF:18
FNH:14
FNDA:1,(anonymous_0)
FNDA:1,(anonymous_1)
FNDA:0,(anonymous_2)
FNDA:3,(anonymous_3)
FNDA:3,(anonymous_4)
FNDA:1,(anonymous_5)
FNDA:0,(anonymous_6)
FNDA:7,(anonymous_7)
FNDA:6,(anonymous_8)
FNDA:0,(anonymous_9)
FNDA:3,(anonymous_10)
FNDA:3,(anonymous_11)
FNDA:1,(anonymous_12)
FNDA:1,(anonymous_13)
FNDA:2,(anonymous_14)
FNDA:2,(anonymous_15)
FNDA:1,(anonymous_16)
FNDA:0,(anonymous_17)
DA:1,6
DA:2,6
DA:3,6
DA:5,6
DA:6,6
DA:7,6
DA:9,6
DA:14,6
DA:15,1
DA:17,1
DA:18,1
DA:21,0
DA:28,6
DA:29,3
DA:31,3
DA:33,3
DA:34,2
DA:36,1
DA:38,1
DA:39,1
DA:42,0
DA:51,6
DA:52,7
DA:56,1
DA:63,6
DA:64,6
DA:66,6
DA:67,6
DA:70,0
DA:78,6
DA:79,3
DA:81,3
DA:85,0
DA:92,3
DA:94,3
DA:95,2
DA:97,1
DA:99,1
DA:100,1
DA:101,1
DA:102,1
DA:103,0
DA:105,1
DA:115,6
DA:116,2
DA:118,2
DA:120,2
DA:121,1
DA:123,1
DA:124,1
DA:125,0
DA:127,1
DA:130,0
DA:135,6
LF:54
LH:47
BRDA:22,0,0,0
BRDA:22,0,1,0
BRDA:33,1,0,2
BRDA:33,1,1,1
BRDA:43,2,0,0
BRDA:43,2,1,0
BRDA:52,3,0,1
BRDA:52,3,1,6
BRDA:53,4,0,7
BRDA:53,4,1,6
BRDA:71,5,0,0
BRDA:71,5,1,0
BRDA:81,6,0,0
BRDA:81,6,1,3
BRDA:82,7,0,3
BRDA:82,7,1,3
BRDA:94,8,0,2
BRDA:94,8,1,1
BRDA:102,9,0,0
BRDA:102,9,1,1
BRDA:103,10,0,0
BRDA:103,10,1,0
BRDA:120,11,0,1
BRDA:120,11,1,1
BRDA:124,12,0,0
BRDA:124,12,1,1
BRDA:125,13,0,0
BRDA:125,13,1,0
BRF:28
BRH:15
end_of_record
TN:
SF:routes\decks.js
FN:14,(anonymous_0)
FN:16,(anonymous_1)
FN:20,(anonymous_2)
FN:28,(anonymous_3)
FN:32,(anonymous_4)
FN:37,(anonymous_5)
FN:41,(anonymous_6)
FN:51,(anonymous_7)
FN:65,(anonymous_8)
FN:69,(anonymous_9)
FN:78,(anonymous_10)
FN:93,(anonymous_11)
FN:97,(anonymous_12)
FN:100,(anonymous_13)
FN:114,(anonymous_14)
FN:118,(anonymous_15)
FN:122,(anonymous_16)
FN:130,(anonymous_17)
FNF:18
FNH:14
FNDA:1,(anonymous_0)
FNDA:1,(anonymous_1)
FNDA:0,(anonymous_2)
FNDA:3,(anonymous_3)
FNDA:3,(anonymous_4)
FNDA:1,(anonymous_5)
FNDA:0,(anonymous_6)
FNDA:7,(anonymous_7)
FNDA:6,(anonymous_8)
FNDA:0,(anonymous_9)
FNDA:3,(anonymous_10)
FNDA:3,(anonymous_11)
FNDA:1,(anonymous_12)
FNDA:1,(anonymous_13)
FNDA:2,(anonymous_14)
FNDA:2,(anonymous_15)
FNDA:1,(anonymous_16)
FNDA:0,(anonymous_17)
DA:1,6
DA:2,6
DA:3,6
DA:5,6
DA:6,6
DA:7,6
DA:9,6
DA:14,6
DA:15,1
DA:17,1
DA:18,1
DA:21,0
DA:28,6
DA:29,3
DA:31,3
DA:33,3
DA:34,2
DA:36,1
DA:38,1
DA:39,1
DA:42,0
DA:51,6
DA:52,7
DA:56,1
DA:63,6
DA:64,6
DA:66,6
DA:67,6
DA:70,0
DA:78,6
DA:79,3
DA:81,3
DA:85,0
DA:92,3
DA:94,3
DA:95,2
DA:97,1
DA:98,1
DA:99,1
DA:100,1
DA:101,1
DA:102,0
DA:104,1
DA:114,6
DA:115,2
DA:117,2
DA:119,2
DA:120,1
DA:122,1
DA:123,1
DA:124,0
DA:126,1
DA:130,0
DA:135,6
LF:54
LH:47
BRDA:22,0,0,0
BRDA:22,0,1,0
BRDA:33,1,0,2
BRDA:33,1,1,1
BRDA:43,2,0,0
BRDA:43,2,1,0
BRDA:52,3,0,1
BRDA:52,3,1,6
BRDA:53,4,0,7
BRDA:53,4,1,6
BRDA:71,5,0,0
BRDA:71,5,1,0
BRDA:81,6,0,0
BRDA:81,6,1,3
BRDA:82,7,0,3
BRDA:82,7,1,3
BRDA:94,8,0,2
BRDA:94,8,1,1
BRDA:101,9,0,0
BRDA:101,9,1,1
BRDA:102,10,0,0
BRDA:102,10,1,0
BRDA:119,11,0,1
BRDA:119,11,1,1
BRDA:123,12,0,0
BRDA:123,12,1,1
BRDA:124,13,0,0
BRDA:124,13,1,0
BRF:28
BRH:15
end_of_record
TN:
SF:routes\index.js
FN:11,(anonymous_0)
FN:25,(anonymous_1)
FNF:2
FNH:0
FNDA:0,(anonymous_0)
FNDA:0,(anonymous_1)
DA:1,6
DA:2,6
DA:4,6
DA:5,6
DA:7,6
DA:11,6
DA:12,0
DA:18,6
DA:19,6
DA:20,6
DA:21,6
DA:22,6
DA:23,6
DA:25,6
DA:26,0
DA:29,6
LF:16
LH:14
BRF:0
BRH:0
end_of_record
TN:
SF:routes\swagger.js
FNF:0
FNH:0
DA:1,6
DA:2,6
DA:3,6
DA:5,6
DA:7,6
DA:8,6
DA:10,6
LF:7
LH:7
BRF:0
BRH:0
end_of_record
TN:
SF:routes\types.js
FN:14,(anonymous_0)
FN:16,(anonymous_1)
FN:20,(anonymous_2)
FN:28,(anonymous_3)
FN:32,(anonymous_4)
FN:37,(anonymous_5)
FN:41,(anonymous_6)
FN:51,(anonymous_7)
FN:65,(anonymous_8)
FN:69,(anonymous_9)
FN:78,(anonymous_10)
FN:93,(anonymous_11)
FN:97,(anonymous_12)
FN:101,(anonymous_13)
FN:115,(anonymous_14)
FN:119,(anonymous_15)
FN:123,(anonymous_16)
FN:131,(anonymous_17)
FNF:18
FNH:14
FNDA:1,(anonymous_0)
FNDA:1,(anonymous_1)
FNDA:0,(anonymous_2)
FNDA:3,(anonymous_3)
FNDA:3,(anonymous_4)
FNDA:1,(anonymous_5)
FNDA:0,(anonymous_6)
FNDA:7,(anonymous_7)
FNDA:6,(anonymous_8)
FNDA:0,(anonymous_9)
FNDA:3,(anonymous_10)
FNDA:3,(anonymous_11)
FNDA:1,(anonymous_12)
FNDA:1,(anonymous_13)
FNDA:2,(anonymous_14)
FNDA:2,(anonymous_15)
FNDA:1,(anonymous_16)
FNDA:0,(anonymous_17)
DA:1,6
DA:2,6
DA:3,6
DA:5,6
DA:6,6
DA:7,6
DA:9,6
DA:14,6
DA:15,1
DA:17,1
DA:18,1
DA:21,0
DA:28,6
DA:29,3
DA:31,3
DA:33,3
DA:34,2
DA:36,1
DA:38,1
DA:39,1
DA:42,0
DA:51,6
DA:52,7
DA:56,1
DA:63,6
DA:64,6
DA:66,6
DA:67,6
DA:70,0
DA:78,6
DA:79,3
DA:81,3
DA:85,0
DA:92,3
DA:94,3
DA:95,2
DA:97,1
DA:99,1
DA:100,1
DA:101,1
DA:102,1
DA:103,0
DA:105,1
DA:115,6
DA:116,2
DA:118,2
DA:120,2
DA:121,1
DA:123,1
DA:124,1
DA:125,0
DA:127,1
DA:131,0
DA:136,6
LF:54
LH:47
BRDA:22,0,0,0
BRDA:22,0,1,0
BRDA:33,1,0,2
BRDA:33,1,1,1
BRDA:43,2,0,0
BRDA:43,2,1,0
BRDA:52,3,0,1
BRDA:52,3,1,6
BRDA:53,4,0,7
BRDA:53,4,1,7
BRDA:71,5,0,0
BRDA:71,5,1,0
BRDA:81,6,0,0
BRDA:81,6,1,3
BRDA:82,7,0,3
BRDA:82,7,1,3
BRDA:94,8,0,2
BRDA:94,8,1,1
BRDA:102,9,0,0
BRDA:102,9,1,1
BRDA:103,10,0,0
BRDA:103,10,1,0
BRDA:120,11,0,1
BRDA:120,11,1,1
BRDA:124,12,0,0
BRDA:124,12,1,1
BRDA:125,13,0,0
BRDA:125,13,1,0
BRF:28
BRH:15
end_of_record
